0 info it worked if it ends with ok
1 verbose cli [ 'c:\\Program Files\\nodejs\\\\node.exe',
1 verbose cli   'c:\\Program Files\\nodejs\\node_modules\\npm\\bin\\npm-cli.js',
1 verbose cli   'install' ]
2 info using npm@1.4.28
3 info using node@v0.10.32
4 verbose node symlink c:\Program Files\nodejs\\node.exe
5 verbose readDependencies using package.json deps
6 verbose install where, deps [ 'c:\\Users\\Stamm\\camunda\\camunda-bpm-webapp\\webapp',
6 verbose install   [ 'grunt',
6 verbose install     'grunt-bower-task',
6 verbose install     'grunt-cli',
6 verbose install     'grunt-contrib-clean',
6 verbose install     'grunt-contrib-concat',
6 verbose install     'grunt-contrib-copy',
6 verbose install     'grunt-contrib-jshint',
6 verbose install     'grunt-contrib-less',
6 verbose install     'grunt-contrib-requirejs',
6 verbose install     'grunt-contrib-watch',
6 verbose install     'grunt-jsdoc',
6 verbose install     'grunt-karma',
6 verbose install     'grunt-mkdir',
6 verbose install     'grunt-newer',
6 verbose install     'grunt-open',
6 verbose install     'requirejs',
6 verbose install     'requirejs-angular-define',
6 verbose install     'load-grunt-tasks' ] ]
7 info preinstall camunda-plugins@7.3.0-SNAPSHOT
8 verbose readDependencies using package.json deps
9 verbose already installed skipping grunt@~0.4.0 c:\Users\Stamm\camunda\camunda-bpm-webapp\webapp
10 verbose already installed skipping grunt-bower-task@~0.3.4 c:\Users\Stamm\camunda\camunda-bpm-webapp\webapp
11 verbose already installed skipping grunt-cli@~0.1.0 c:\Users\Stamm\camunda\camunda-bpm-webapp\webapp
12 verbose already installed skipping grunt-contrib-clean@~0.5.0 c:\Users\Stamm\camunda\camunda-bpm-webapp\webapp
13 verbose already installed skipping grunt-contrib-concat@~0.3.0 c:\Users\Stamm\camunda\camunda-bpm-webapp\webapp
14 verbose already installed skipping grunt-contrib-copy@~0.5.0 c:\Users\Stamm\camunda\camunda-bpm-webapp\webapp
15 verbose already installed skipping grunt-contrib-jshint@~0.8.0 c:\Users\Stamm\camunda\camunda-bpm-webapp\webapp
16 verbose already installed skipping grunt-contrib-less@~0.9.0 c:\Users\Stamm\camunda\camunda-bpm-webapp\webapp
17 verbose already installed skipping grunt-contrib-requirejs@* c:\Users\Stamm\camunda\camunda-bpm-webapp\webapp
18 verbose already installed skipping grunt-contrib-watch@~0.5.0 c:\Users\Stamm\camunda\camunda-bpm-webapp\webapp
19 verbose already installed skipping grunt-jsdoc@~0.5.0 c:\Users\Stamm\camunda\camunda-bpm-webapp\webapp
20 verbose already installed skipping grunt-karma@0.7.2 c:\Users\Stamm\camunda\camunda-bpm-webapp\webapp
21 verbose already installed skipping grunt-mkdir@^0.1.1 c:\Users\Stamm\camunda\camunda-bpm-webapp\webapp
22 verbose already installed skipping grunt-newer@~0.6.1 c:\Users\Stamm\camunda\camunda-bpm-webapp\webapp
23 verbose already installed skipping grunt-open@~0.2.0 c:\Users\Stamm\camunda\camunda-bpm-webapp\webapp
24 verbose already installed skipping requirejs@~2.1.0 c:\Users\Stamm\camunda\camunda-bpm-webapp\webapp
25 verbose cache add [ 'requirejs-angular-define@git://github.com/camunda/requirejs-angular-define.git',
25 verbose cache add   null ]
26 verbose cache add name=undefined spec="requirejs-angular-define@git://github.com/camunda/requirejs-angular-define.git" args=["requirejs-angular-define@git://github.com/camunda/requirejs-angular-define.git",null]
27 verbose parsed url { protocol: null,
27 verbose parsed url   slashes: null,
27 verbose parsed url   auth: null,
27 verbose parsed url   host: null,
27 verbose parsed url   port: null,
27 verbose parsed url   hostname: null,
27 verbose parsed url   hash: null,
27 verbose parsed url   search: null,
27 verbose parsed url   query: null,
27 verbose parsed url   pathname: 'requirejs-angular-define@git://github.com/camunda/requirejs-angular-define.git',
27 verbose parsed url   path: 'requirejs-angular-define@git://github.com/camunda/requirejs-angular-define.git',
27 verbose parsed url   href: 'requirejs-angular-define@git://github.com/camunda/requirejs-angular-define.git' }
28 verbose cache add name="requirejs-angular-define" spec="git://github.com/camunda/requirejs-angular-define.git" args=["requirejs-angular-define","git://github.com/camunda/requirejs-angular-define.git"]
29 verbose parsed url { protocol: 'git:',
29 verbose parsed url   slashes: true,
29 verbose parsed url   auth: null,
29 verbose parsed url   host: 'github.com',
29 verbose parsed url   port: null,
29 verbose parsed url   hostname: 'github.com',
29 verbose parsed url   hash: null,
29 verbose parsed url   search: null,
29 verbose parsed url   query: null,
29 verbose parsed url   pathname: '/camunda/requirejs-angular-define.git',
29 verbose parsed url   path: '/camunda/requirejs-angular-define.git',
29 verbose parsed url   href: 'git://github.com/camunda/requirejs-angular-define.git' }
30 silly lockFile f5f89c63-nda-requirejs-angular-define-git git://github.com/camunda/requirejs-angular-define.git
31 verbose lock git://github.com/camunda/requirejs-angular-define.git C:\Users\Stamm\AppData\Roaming\npm-cache\f5f89c63-nda-requirejs-angular-define-git.lock
32 verbose addRemoteGit [ 'git://github.com/camunda/requirejs-angular-define.git',
32 verbose addRemoteGit   'master' ]
33 verbose already installed skipping load-grunt-tasks@0.4.0 c:\Users\Stamm\camunda\camunda-bpm-webapp\webapp
34 verbose git remote.origin.url git://github.com/camunda/requirejs-angular-define.git
35 error git fetch -a origin (git://github.com/camunda/requirejs-angular-define.git) fatal: Unable to look up github.com (port 9418) (Der angegebene Host ist unbekannt. )
36 silly lockFile f5f89c63-nda-requirejs-angular-define-git git://github.com/camunda/requirejs-angular-define.git
37 silly lockFile f5f89c63-nda-requirejs-angular-define-git git://github.com/camunda/requirejs-angular-define.git
38 error Error: Command failed: fatal: Unable to look up github.com (port 9418) (Der angegebene Host ist unbekannt. )
38 error
38 error     at ChildProcess.exithandler (child_process.js:648:15)
38 error     at ChildProcess.emit (events.js:98:17)
38 error     at maybeClose (child_process.js:756:16)
38 error     at Process.ChildProcess._handle.onexit (child_process.js:823:5)
39 error If you need help, you may report this *entire* log,
39 error including the npm and node versions, at:
39 error     <http://github.com/npm/npm/issues>
40 error System Windows_NT 6.1.7601
41 error command "c:\\Program Files\\nodejs\\\\node.exe" "c:\\Program Files\\nodejs\\node_modules\\npm\\bin\\npm-cli.js" "install"
42 error cwd c:\Users\Stamm\camunda\camunda-bpm-webapp\webapp
43 error node -v v0.10.32
44 error npm -v 1.4.28
45 error code 128
46 verbose exit [ 1, true ]
